<?xml version="1.0" encoding="UTF-8"?>
<!-- Generated by org.testng.reporters.JUnitReportReporter -->
<testsuite hostname="EPINHYDW090E" failures="0" tests="1" name="jenkins_task.Jenkinstest" time="0.004" errors="0" timestamp="2022-01-12T23:42:28 IST" skipped="0">
  <testcase classname="jenkins_task.Jenkinstest" name="testjenkins" time="0.004"/>
  <system-out/>
</testsuite> <!-- jenkins_task.Jenkinstest -->
